0 info it worked if it ends with ok
1 verbose cli [ '/home/anders/.nvm/versions/node/v7.5.0/bin/node',
1 verbose cli   '/home/anders/.nvm/versions/node/v7.5.0/bin/npm',
1 verbose cli   'run',
1 verbose cli   'test' ]
2 info using npm@4.1.2
3 info using node@v7.5.0
4 verbose run-script [ 'pretest', 'test', 'posttest' ]
5 info lifecycle ccc-api@1.0.0~pretest: ccc-api@1.0.0
6 silly lifecycle ccc-api@1.0.0~pretest: no script for pretest, continuing
7 info lifecycle ccc-api@1.0.0~test: ccc-api@1.0.0
8 verbose lifecycle ccc-api@1.0.0~test: unsafe-perm in lifecycle true
9 verbose lifecycle ccc-api@1.0.0~test: PATH: /home/anders/.nvm/versions/node/v7.5.0/lib/node_modules/npm/bin/node-gyp-bin:/home/anders/Desktop/ccc-api/node_modules/.bin:/home/anders/.nvm/versions/node/v7.5.0/bin:/usr/local/sbin:/usr/local/bin:/usr/sbin:/usr/bin:/sbin:/bin:/usr/games:/usr/local/games:/snap/bin
10 verbose lifecycle ccc-api@1.0.0~test: CWD: /home/anders/Desktop/ccc-api
11 silly lifecycle ccc-api@1.0.0~test: Args: [ '-c', './node_modules/mocha/bin/mocha' ]
12 silly lifecycle ccc-api@1.0.0~test: Returned: code: 1  signal: null
13 info lifecycle ccc-api@1.0.0~test: Failed to exec test script
14 verbose stack Error: ccc-api@1.0.0 test: `./node_modules/mocha/bin/mocha`
14 verbose stack Exit status 1
14 verbose stack     at EventEmitter.<anonymous> (/home/anders/.nvm/versions/node/v7.5.0/lib/node_modules/npm/lib/utils/lifecycle.js:279:16)
14 verbose stack     at emitTwo (events.js:106:13)
14 verbose stack     at EventEmitter.emit (events.js:192:7)
14 verbose stack     at ChildProcess.<anonymous> (/home/anders/.nvm/versions/node/v7.5.0/lib/node_modules/npm/lib/utils/spawn.js:40:14)
14 verbose stack     at emitTwo (events.js:106:13)
14 verbose stack     at ChildProcess.emit (events.js:192:7)
14 verbose stack     at maybeClose (internal/child_process.js:890:16)
14 verbose stack     at Process.ChildProcess._handle.onexit (internal/child_process.js:226:5)
15 verbose pkgid ccc-api@1.0.0
16 verbose cwd /home/anders/Desktop/ccc-api
17 error Linux 4.4.0-72-generic
18 error argv "/home/anders/.nvm/versions/node/v7.5.0/bin/node" "/home/anders/.nvm/versions/node/v7.5.0/bin/npm" "run" "test"
19 error node v7.5.0
20 error npm  v4.1.2
21 error code ELIFECYCLE
22 error ccc-api@1.0.0 test: `./node_modules/mocha/bin/mocha`
22 error Exit status 1
23 error Failed at the ccc-api@1.0.0 test script './node_modules/mocha/bin/mocha'.
23 error Make sure you have the latest version of node.js and npm installed.
23 error If you do, this is most likely a problem with the ccc-api package,
23 error not with npm itself.
23 error Tell the author that this fails on your system:
23 error     ./node_modules/mocha/bin/mocha
23 error You can get information on how to open an issue for this project with:
23 error     npm bugs ccc-api
23 error Or if that isn't available, you can get their info via:
23 error     npm owner ls ccc-api
23 error There is likely additional logging output above.
24 verbose exit [ 1, true ]
